2019-03-02 23:50:21.022  INFO 20457 --- [main] br.com.dscheduler.DSchedulerApplication  : Starting DSchedulerApplication on celio-PC with PID 20457 (/home/celio/Source/d-scheduler/target/classes started by celio in /home/celio/Source/d-scheduler)
2019-03-02 23:50:21.034  INFO 20457 --- [main] br.com.dscheduler.DSchedulerApplication  : No active profile set, falling back to default profiles: default
2019-03-02 23:50:23.148  INFO 20457 --- [main] .s.d.r.c.RepositoryConfigurationDelegate : Bootstrapping Spring Data repositories in DEFAULT mode.
2019-03-02 23:50:23.323  INFO 20457 --- [main] .s.d.r.c.RepositoryConfigurationDelegate : Finished Spring Data repository scanning in 164ms. Found 1 repository interfaces.
2019-03-02 23:50:23.959  INFO 20457 --- [main] trationDelegate$BeanPostProcessorChecker : Bean 'org.springframework.transaction.annotation.ProxyTransactionManagementConfiguration' of type [org.springframework.transaction.annotation.ProxyTransactionManagementConfiguration$$EnhancerBySpringCGLIB$$9246db31] is not eligible for getting processed by all BeanPostProcessors (for example: not eligible for auto-proxying)
2019-03-02 23:50:24.008  INFO 20457 --- [main] trationDelegate$BeanPostProcessorChecker : Bean 'org.springframework.security.config.annotation.configuration.ObjectPostProcessorConfiguration' of type [org.springframework.security.config.annotation.configuration.ObjectPostProcessorConfiguration$$EnhancerBySpringCGLIB$$2af4a36b] is not eligible for getting processed by all BeanPostProcessors (for example: not eligible for auto-proxying)
2019-03-02 23:50:24.015  INFO 20457 --- [main] trationDelegate$BeanPostProcessorChecker : Bean 'objectPostProcessor' of type [org.springframework.security.config.annotation.configuration.AutowireBeanFactoryObjectPostProcessor] is not eligible for getting processed by all BeanPostProcessors (for example: not eligible for auto-proxying)
2019-03-02 23:50:24.017  INFO 20457 --- [main] trationDelegate$BeanPostProcessorChecker : Bean 'org.springframework.security.access.expression.method.DefaultMethodSecurityExpressionHandler@528ca40' of type [org.springframework.security.access.expression.method.DefaultMethodSecurityExpressionHandler] is not eligible for getting processed by all BeanPostProcessors (for example: not eligible for auto-proxying)
2019-03-02 23:50:24.022  INFO 20457 --- [main] trationDelegate$BeanPostProcessorChecker : Bean 'org.springframework.security.config.annotation.method.configuration.GlobalMethodSecurityConfiguration' of type [org.springframework.security.config.annotation.method.configuration.GlobalMethodSecurityConfiguration$$EnhancerBySpringCGLIB$$4fc9461d] is not eligible for getting processed by all BeanPostProcessors (for example: not eligible for auto-proxying)
2019-03-02 23:50:24.028  INFO 20457 --- [main] trationDelegate$BeanPostProcessorChecker : Bean 'methodSecurityMetadataSource' of type [org.springframework.security.access.method.DelegatingMethodSecurityMetadataSource] is not eligible for getting processed by all BeanPostProcessors (for example: not eligible for auto-proxying)
2019-03-02 23:50:24.494  INFO 20457 --- [main] o.s.b.w.embedded.tomcat.TomcatWebServer  : Tomcat initialized with port(s): 8082 (http)
2019-03-02 23:50:24.549  INFO 20457 --- [main] o.apache.catalina.core.StandardService   : Starting service [Tomcat]
2019-03-02 23:50:24.550  INFO 20457 --- [main] org.apache.catalina.core.StandardEngine  : Starting Servlet engine: [Apache Tomcat/9.0.14]
2019-03-02 23:50:24.579  INFO 20457 --- [main] o.a.catalina.core.AprLifecycleListener   : The APR based Apache Tomcat Native library which allows optimal performance in production environments was not found on the java.library.path: [/opt/idea-community/bin::/usr/java/packages/lib/amd64:/usr/lib64:/lib64:/lib:/usr/lib]
2019-03-02 23:50:24.703  INFO 20457 --- [main] o.a.c.c.C.[Tomcat].[localhost].[/]       : Initializing Spring embedded WebApplicationContext
2019-03-02 23:50:24.703  INFO 20457 --- [main] o.s.web.context.ContextLoader            : Root WebApplicationContext: initialization completed in 3584 ms
2019-03-02 23:50:24.944  INFO 20457 --- [main] com.zaxxer.hikari.HikariDataSource       : HikariPool-1 - Starting...
2019-03-02 23:50:25.056  INFO 20457 --- [main] com.zaxxer.hikari.HikariDataSource       : HikariPool-1 - Start completed.
2019-03-02 23:50:25.973  INFO 20457 --- [main] liquibase.executor.jvm.JdbcExecutor      : SELECT COUNT(*) FROM public.databasechangeloglock
2019-03-02 23:50:25.974  INFO 20457 --- [main] liquibase.executor.jvm.JdbcExecutor      : SELECT COUNT(*) FROM public.databasechangeloglock
2019-03-02 23:50:25.977  INFO 20457 --- [main] liquibase.executor.jvm.JdbcExecutor      : SELECT LOCKED FROM public.databasechangeloglock WHERE ID=1
2019-03-02 23:50:26.017  INFO 20457 --- [main] l.lockservice.StandardLockService        : Successfully acquired change log lock
2019-03-02 23:50:26.103  INFO 20457 --- [main] liquibase.executor.jvm.JdbcExecutor      : SELECT MD5SUM FROM public.databasechangelog WHERE MD5SUM IS NOT NULL LIMIT 1
2019-03-02 23:50:26.105  INFO 20457 --- [main] liquibase.executor.jvm.JdbcExecutor      : SELECT COUNT(*) FROM public.databasechangelog
2019-03-02 23:50:26.106  INFO 20457 --- [main] l.c.StandardChangeLogHistoryService      : Reading from public.databasechangelog
2019-03-02 23:50:26.106  INFO 20457 --- [main] liquibase.executor.jvm.JdbcExecutor      : SELECT * FROM public.databasechangelog ORDER BY DATEEXECUTED ASC, ORDEREXECUTED ASC
2019-03-02 23:50:26.148  INFO 20457 --- [main] liquibase.executor.jvm.JdbcExecutor      : create schema if not exists quartz
2019-03-02 23:50:26.149  INFO 20457 --- [main] liquibase.changelog.ChangeSet            : Custom SQL executed
2019-03-02 23:50:26.159  INFO 20457 --- [main] liquibase.changelog.ChangeSet            : ChangeSet db/changelog/migrations/db.changelog-quartz-01.sql::92::celio ran successfully in 18ms
2019-03-02 23:50:26.161  INFO 20457 --- [main] liquibase.executor.jvm.JdbcExecutor      : SELECT MAX(ORDEREXECUTED) FROM public.databasechangelog
2019-03-02 23:50:26.936  INFO 20457 --- [main] liquibase.executor.jvm.JdbcExecutor      : INSERT INTO public.databasechangelog (ID, AUTHOR, FILENAME, DATEEXECUTED, ORDEREXECUTED, MD5SUM, DESCRIPTION, COMMENTS, EXECTYPE, CONTEXTS, LABELS, LIQUIBASE, DEPLOYMENT_ID) VALUES ('92', 'celio', 'db/changelog/migrations/db.changelog-quartz-01.sql', NOW(), 170, '8:313cbc0f34072e78eb73157ed4a387ca', 'sql', '', 'EXECUTED', NULL, NULL, '3.6.2', '1585026123')
2019-03-02 23:50:26.975  INFO 20457 --- [main] liquibase.executor.jvm.JdbcExecutor      : create table if not exists quartz.scheduler_job_info (
  job_id bigserial,
  job_cron_expression character varying(255),
  job_cron boolean NOT NULL,
  job_enable boolean NOT NULL,
  job_group character varying(255) NOT NULL,
  job_name character varying(255) NOT NULL UNIQUE,
  job_repeat_time bigint,
  job_command character varying(256) NOT NULL,
  job_token character varying(40),
  primary key (job_id)
)
2019-03-02 23:50:27.075  INFO 20457 --- [main] liquibase.changelog.ChangeSet            : Custom SQL executed
2019-03-02 23:50:27.093  INFO 20457 --- [main] liquibase.changelog.ChangeSet            : ChangeSet db/changelog/migrations/db.changelog-quartz-01.sql::93::celio ran successfully in 122ms
2019-03-02 23:50:27.095  INFO 20457 --- [main] liquibase.executor.jvm.JdbcExecutor      : INSERT INTO public.databasechangelog (ID, AUTHOR, FILENAME, DATEEXECUTED, ORDEREXECUTED, MD5SUM, DESCRIPTION, COMMENTS, EXECTYPE, CONTEXTS, LABELS, LIQUIBASE, DEPLOYMENT_ID) VALUES ('93', 'celio', 'db/changelog/migrations/db.changelog-quartz-01.sql', NOW(), 171, '8:2ab5fcbccfff16bed078139e7467a5e3', 'sql', '', 'EXECUTED', NULL, NULL, '3.6.2', '1585026123')
2019-03-02 23:50:27.136  INFO 20457 --- [main] liquibase.executor.jvm.JdbcExecutor      : create table if not exists quartz.job_details (
    job_name character varying(128) NOT NULL,
    job_group character varying(80) NOT NULL,
    description character varying(120),
    job_class_name character varying(200) NOT NULL,
    is_durable boolean,
    is_nonconcurrent boolean,
    is_update_data boolean,
    sched_name character varying(120) DEFAULT 'TestScheduler'::character varying NOT NULL,
    requests_recovery boolean,
    job_data bytea,
	primary key (sched_name, job_name, job_group)
)
2019-03-02 23:50:27.209  INFO 20457 --- [main] liquibase.changelog.ChangeSet            : Custom SQL executed
2019-03-02 23:50:27.227  INFO 20457 --- [main] liquibase.changelog.ChangeSet            : ChangeSet db/changelog/migrations/db.changelog-quartz-01.sql::94::celio ran successfully in 99ms
2019-03-02 23:50:27.228  INFO 20457 --- [main] liquibase.executor.jvm.JdbcExecutor      : INSERT INTO public.databasechangelog (ID, AUTHOR, FILENAME, DATEEXECUTED, ORDEREXECUTED, MD5SUM, DESCRIPTION, COMMENTS, EXECTYPE, CONTEXTS, LABELS, LIQUIBASE, DEPLOYMENT_ID) VALUES ('94', 'celio', 'db/changelog/migrations/db.changelog-quartz-01.sql', NOW(), 172, '8:1d9ecfec251ae107220b613fd9ae5dfe', 'sql', '', 'EXECUTED', NULL, NULL, '3.6.2', '1585026123')
2019-03-02 23:50:27.242  INFO 20457 --- [main] liquibase.executor.jvm.JdbcExecutor      : create table if not exists quartz.triggers (
    trigger_name character varying(80) NOT NULL,
    trigger_group character varying(80) NOT NULL,
    job_name character varying(80) NOT NULL,
    job_group character varying(80) NOT NULL,
    description character varying(120),
    next_fire_time bigint,
    prev_fire_time bigint,
    priority integer,
    trigger_state character varying(16) NOT NULL,
    trigger_type character varying(8) NOT NULL,
    start_time bigint NOT NULL,
    end_time bigint,
    calendar_name character varying(80),
    misfire_instr smallint,
    job_data bytea,
    sched_name character varying(120) DEFAULT 'TestScheduler'::character varying NOT NULL,
	primary key (sched_name, trigger_name, trigger_group),
	foreign key (sched_name, job_name, job_group) references quartz.job_details(sched_name, job_name, job_group)
)
2019-03-02 23:50:27.311  INFO 20457 --- [main] liquibase.changelog.ChangeSet            : Custom SQL executed
2019-03-02 23:50:27.327  INFO 20457 --- [main] liquibase.changelog.ChangeSet            : ChangeSet db/changelog/migrations/db.changelog-quartz-01.sql::95::celio ran successfully in 89ms
2019-03-02 23:50:27.328  INFO 20457 --- [main] liquibase.executor.jvm.JdbcExecutor      : INSERT INTO public.databasechangelog (ID, AUTHOR, FILENAME, DATEEXECUTED, ORDEREXECUTED, MD5SUM, DESCRIPTION, COMMENTS, EXECTYPE, CONTEXTS, LABELS, LIQUIBASE, DEPLOYMENT_ID) VALUES ('95', 'celio', 'db/changelog/migrations/db.changelog-quartz-01.sql', NOW(), 173, '8:ddb5aa732ba3d9a46ab2d5a4bbe25062', 'sql', '', 'EXECUTED', NULL, NULL, '3.6.2', '1585026123')
2019-03-02 23:50:27.340  INFO 20457 --- [main] liquibase.executor.jvm.JdbcExecutor      : create table if not exists quartz.simple_triggers (
    trigger_name character varying(80) NOT NULL,
    trigger_group character varying(80) NOT NULL,
    repeat_count bigint NOT NULL,
    repeat_interval bigint NOT NULL,
    times_triggered bigint NOT NULL,
    sched_name character varying(120) DEFAULT 'TestScheduler'::character varying NOT NULL,
	primary key (sched_name, trigger_name, trigger_group),
	foreign key (sched_name, trigger_name, trigger_group) references quartz.triggers(sched_name, trigger_name, trigger_group)
)
2019-03-02 23:50:27.380  INFO 20457 --- [main] liquibase.changelog.ChangeSet            : Custom SQL executed
2019-03-02 23:50:27.394  INFO 20457 --- [main] liquibase.changelog.ChangeSet            : ChangeSet db/changelog/migrations/db.changelog-quartz-01.sql::96::celio ran successfully in 56ms
2019-03-02 23:50:27.395  INFO 20457 --- [main] liquibase.executor.jvm.JdbcExecutor      : INSERT INTO public.databasechangelog (ID, AUTHOR, FILENAME, DATEEXECUTED, ORDEREXECUTED, MD5SUM, DESCRIPTION, COMMENTS, EXECTYPE, CONTEXTS, LABELS, LIQUIBASE, DEPLOYMENT_ID) VALUES ('96', 'celio', 'db/changelog/migrations/db.changelog-quartz-01.sql', NOW(), 174, '8:56921d118009c92f125c55273fd6ab06', 'sql', '', 'EXECUTED', NULL, NULL, '3.6.2', '1585026123')
2019-03-02 23:50:27.408  INFO 20457 --- [main] liquibase.executor.jvm.JdbcExecutor      : create table if not exists quartz.cron_triggers (
    trigger_name character varying(80) NOT NULL,
    trigger_group character varying(80) NOT NULL,
    cron_expression character varying(80) NOT NULL,
    time_zone_id character varying(80),
    sched_name character varying(120) DEFAULT 'TestScheduler'::character varying NOT NULL,
	primary key (sched_name, trigger_name, trigger_group),
	foreign key (sched_name, trigger_name, trigger_group) references quartz.triggers(sched_name, trigger_name, trigger_group)
)
2019-03-02 23:50:27.447  INFO 20457 --- [main] liquibase.changelog.ChangeSet            : Custom SQL executed
2019-03-02 23:50:27.461  INFO 20457 --- [main] liquibase.changelog.ChangeSet            : ChangeSet db/changelog/migrations/db.changelog-quartz-01.sql::97::celio ran successfully in 55ms
2019-03-02 23:50:27.464  INFO 20457 --- [main] liquibase.executor.jvm.JdbcExecutor      : INSERT INTO public.databasechangelog (ID, AUTHOR, FILENAME, DATEEXECUTED, ORDEREXECUTED, MD5SUM, DESCRIPTION, COMMENTS, EXECTYPE, CONTEXTS, LABELS, LIQUIBASE, DEPLOYMENT_ID) VALUES ('97', 'celio', 'db/changelog/migrations/db.changelog-quartz-01.sql', NOW(), 175, '8:3e1c317864506d545af3569569d14bfd', 'sql', '', 'EXECUTED', NULL, NULL, '3.6.2', '1585026123')
2019-03-02 23:50:27.474  INFO 20457 --- [main] liquibase.executor.jvm.JdbcExecutor      : create table if not exists quartz.simprop_triggers (
    sched_name character varying(120) NOT NULL,
    trigger_name character varying(200) NOT NULL,
    trigger_group character varying(200) NOT NULL,
    str_prop_1 character varying(512),
    str_prop_2 character varying(512),
    str_prop_3 character varying(512),
    int_prop_1 integer,
    int_prop_2 integer,
    long_prop_1 bigint,
    long_prop_2 bigint,
    dec_prop_1 numeric(13,4),
    dec_prop_2 numeric(13,4),
    bool_prop_1 boolean,
    bool_prop_2 boolean,
	primary key (sched_name, trigger_name, trigger_group),
	foreign key (sched_name, trigger_name, trigger_group) references quartz.triggers(sched_name, trigger_name, trigger_group)
)
2019-03-02 23:50:27.570  INFO 20457 --- [main] liquibase.changelog.ChangeSet            : Custom SQL executed
2019-03-02 23:50:27.583  INFO 20457 --- [main] liquibase.changelog.ChangeSet            : ChangeSet db/changelog/migrations/db.changelog-quartz-01.sql::98::celio ran successfully in 111ms
2019-03-02 23:50:27.584  INFO 20457 --- [main] liquibase.executor.jvm.JdbcExecutor      : INSERT INTO public.databasechangelog (ID, AUTHOR, FILENAME, DATEEXECUTED, ORDEREXECUTED, MD5SUM, DESCRIPTION, COMMENTS, EXECTYPE, CONTEXTS, LABELS, LIQUIBASE, DEPLOYMENT_ID) VALUES ('98', 'celio', 'db/changelog/migrations/db.changelog-quartz-01.sql', NOW(), 176, '8:5784336522ceebc073503e0ccb60707a', 'sql', '', 'EXECUTED', NULL, NULL, '3.6.2', '1585026123')
2019-03-02 23:50:27.596  INFO 20457 --- [main] liquibase.executor.jvm.JdbcExecutor      : create table if not exists quartz.blob_triggers (
    trigger_name character varying(80) NOT NULL,
    trigger_group character varying(80) NOT NULL,
    blob_data text,
    sched_name character varying(120) DEFAULT 'TestScheduler'::character varying NOT NULL,
	primary key (sched_name, trigger_name, trigger_group),
	foreign key (sched_name, trigger_name, trigger_group) references quartz.triggers(sched_name, trigger_name, trigger_group)
)
2019-03-02 23:50:27.671  INFO 20457 --- [main] liquibase.changelog.ChangeSet            : Custom SQL executed
2019-03-02 23:50:27.684  INFO 20457 --- [main] liquibase.changelog.ChangeSet            : ChangeSet db/changelog/migrations/db.changelog-quartz-01.sql::99::celio ran successfully in 89ms
2019-03-02 23:50:27.685  INFO 20457 --- [main] liquibase.executor.jvm.JdbcExecutor      : INSERT INTO public.databasechangelog (ID, AUTHOR, FILENAME, DATEEXECUTED, ORDEREXECUTED, MD5SUM, DESCRIPTION, COMMENTS, EXECTYPE, CONTEXTS, LABELS, LIQUIBASE, DEPLOYMENT_ID) VALUES ('99', 'celio', 'db/changelog/migrations/db.changelog-quartz-01.sql', NOW(), 177, '8:eca70109883b1bc0600655ce86f0135e', 'sql', '', 'EXECUTED', NULL, NULL, '3.6.2', '1585026123')
2019-03-02 23:50:27.696  INFO 20457 --- [main] liquibase.executor.jvm.JdbcExecutor      : create table if not exists quartz.calendars (
    calendar_name character varying(80) NOT NULL,
    calendar text NOT NULL,
    sched_name character varying(120) DEFAULT 'TestScheduler'::character varying NOT NULL,
	primary key (sched_name, calendar_name)
)
2019-03-02 23:50:27.783  INFO 20457 --- [main] liquibase.changelog.ChangeSet            : Custom SQL executed
2019-03-02 23:50:27.795  INFO 20457 --- [main] liquibase.changelog.ChangeSet            : ChangeSet db/changelog/migrations/db.changelog-quartz-01.sql::100::celio ran successfully in 99ms
2019-03-02 23:50:27.796  INFO 20457 --- [main] liquibase.executor.jvm.JdbcExecutor      : INSERT INTO public.databasechangelog (ID, AUTHOR, FILENAME, DATEEXECUTED, ORDEREXECUTED, MD5SUM, DESCRIPTION, COMMENTS, EXECTYPE, CONTEXTS, LABELS, LIQUIBASE, DEPLOYMENT_ID) VALUES ('100', 'celio', 'db/changelog/migrations/db.changelog-quartz-01.sql', NOW(), 178, '8:310a440510fb425c5a0ff974e8b9f268', 'sql', '', 'EXECUTED', NULL, NULL, '3.6.2', '1585026123')
2019-03-02 23:50:27.807  INFO 20457 --- [main] liquibase.executor.jvm.JdbcExecutor      : create table if not exists quartz.paused_trigger_grps (
    trigger_group character varying(80) NOT NULL,
    sched_name character varying(120) DEFAULT 'TestScheduler'::character varying NOT NULL,
	primary key (sched_name, trigger_group)
)
2019-03-02 23:50:27.850  INFO 20457 --- [main] liquibase.changelog.ChangeSet            : Custom SQL executed
2019-03-02 23:50:27.862  INFO 20457 --- [main] liquibase.changelog.ChangeSet            : ChangeSet db/changelog/migrations/db.changelog-quartz-01.sql::101::celio ran successfully in 56ms
2019-03-02 23:50:27.864  INFO 20457 --- [main] liquibase.executor.jvm.JdbcExecutor      : INSERT INTO public.databasechangelog (ID, AUTHOR, FILENAME, DATEEXECUTED, ORDEREXECUTED, MD5SUM, DESCRIPTION, COMMENTS, EXECTYPE, CONTEXTS, LABELS, LIQUIBASE, DEPLOYMENT_ID) VALUES ('101', 'celio', 'db/changelog/migrations/db.changelog-quartz-01.sql', NOW(), 179, '8:7e1f77f3363d01b1801fe663d7d5ae36', 'sql', '', 'EXECUTED', NULL, NULL, '3.6.2', '1585026123')
2019-03-02 23:50:27.875  INFO 20457 --- [main] liquibase.executor.jvm.JdbcExecutor      : create table if not exists quartz.fired_triggers (
    entry_id character varying(95) NOT NULL,
    trigger_name character varying(80) NOT NULL,
    trigger_group character varying(80) NOT NULL,
    instance_name character varying(80) NOT NULL,
    fired_time bigint NOT NULL,
    priority integer NOT NULL,
    state character varying(16) NOT NULL,
    job_name character varying(80),
    job_group character varying(80),
    is_nonconcurrent boolean,
    is_update_data boolean,
    sched_name character varying(120) DEFAULT 'TestScheduler'::character varying NOT NULL,
    sched_time bigint NOT NULL,
    requests_recovery boolean,
	primary key (sched_name, entry_id)
)
2019-03-02 23:50:27.939  INFO 20457 --- [main] liquibase.changelog.ChangeSet            : Custom SQL executed
2019-03-02 23:50:27.951  INFO 20457 --- [main] liquibase.changelog.ChangeSet            : ChangeSet db/changelog/migrations/db.changelog-quartz-01.sql::102::celio ran successfully in 78ms
2019-03-02 23:50:27.952  INFO 20457 --- [main] liquibase.executor.jvm.JdbcExecutor      : INSERT INTO public.databasechangelog (ID, AUTHOR, FILENAME, DATEEXECUTED, ORDEREXECUTED, MD5SUM, DESCRIPTION, COMMENTS, EXECTYPE, CONTEXTS, LABELS, LIQUIBASE, DEPLOYMENT_ID) VALUES ('102', 'celio', 'db/changelog/migrations/db.changelog-quartz-01.sql', NOW(), 180, '8:3d440b6af9d9e9322250bc29de15b4bd', 'sql', '', 'EXECUTED', NULL, NULL, '3.6.2', '1585026123')
2019-03-02 23:50:27.964  INFO 20457 --- [main] liquibase.executor.jvm.JdbcExecutor      : create table if not exists quartz.scheduler_state (
    instance_name character varying(200) NOT NULL,
    last_checkin_time bigint,
    checkin_interval bigint,
    sched_name character varying(120) DEFAULT 'TestScheduler'::character varying NOT NULL,
	primary key (sched_name, instance_name)
)
2019-03-02 23:50:28.006  INFO 20457 --- [main] liquibase.changelog.ChangeSet            : Custom SQL executed
2019-03-02 23:50:28.018  INFO 20457 --- [main] liquibase.changelog.ChangeSet            : ChangeSet db/changelog/migrations/db.changelog-quartz-01.sql::103::celio ran successfully in 55ms
2019-03-02 23:50:28.019  INFO 20457 --- [main] liquibase.executor.jvm.JdbcExecutor      : INSERT INTO public.databasechangelog (ID, AUTHOR, FILENAME, DATEEXECUTED, ORDEREXECUTED, MD5SUM, DESCRIPTION, COMMENTS, EXECTYPE, CONTEXTS, LABELS, LIQUIBASE, DEPLOYMENT_ID) VALUES ('103', 'celio', 'db/changelog/migrations/db.changelog-quartz-01.sql', NOW(), 181, '8:36b85c075f9b2b554347712d5641165e', 'sql', '', 'EXECUTED', NULL, NULL, '3.6.2', '1585026123')
2019-03-02 23:50:28.030  INFO 20457 --- [main] liquibase.executor.jvm.JdbcExecutor      : create table if not exists quartz.locks (
    lock_name character varying(40) NOT NULL,
    sched_name character varying(120) DEFAULT 'TestScheduler'::character varying NOT NULL,
	primary key (sched_name, lock_name)
)
2019-03-02 23:50:28.062  INFO 20457 --- [main] liquibase.changelog.ChangeSet            : Custom SQL executed
2019-03-02 23:50:28.074  INFO 20457 --- [main] liquibase.changelog.ChangeSet            : ChangeSet db/changelog/migrations/db.changelog-quartz-01.sql::104::celio ran successfully in 45ms
2019-03-02 23:50:28.077  INFO 20457 --- [main] liquibase.executor.jvm.JdbcExecutor      : INSERT INTO public.databasechangelog (ID, AUTHOR, FILENAME, DATEEXECUTED, ORDEREXECUTED, MD5SUM, DESCRIPTION, COMMENTS, EXECTYPE, CONTEXTS, LABELS, LIQUIBASE, DEPLOYMENT_ID) VALUES ('104', 'celio', 'db/changelog/migrations/db.changelog-quartz-01.sql', NOW(), 182, '8:74ad645d6b8b226cc336b6730dc26e68', 'sql', '', 'EXECUTED', NULL, NULL, '3.6.2', '1585026123')
2019-03-02 23:50:28.085  INFO 20457 --- [main] liquibase.executor.jvm.JdbcExecutor      : create index if not exists job_details_sched_name_requests_recovery_idx on quartz.job_details(sched_name, requests_recovery)
2019-03-02 23:50:28.118  INFO 20457 --- [main] liquibase.changelog.ChangeSet            : Custom SQL executed
2019-03-02 23:50:28.130  INFO 20457 --- [main] liquibase.changelog.ChangeSet            : ChangeSet db/changelog/migrations/db.changelog-quartz-01.sql::105::celio ran successfully in 45ms
2019-03-02 23:50:28.132  INFO 20457 --- [main] liquibase.executor.jvm.JdbcExecutor      : INSERT INTO public.databasechangelog (ID, AUTHOR, FILENAME, DATEEXECUTED, ORDEREXECUTED, MD5SUM, DESCRIPTION, COMMENTS, EXECTYPE, CONTEXTS, LABELS, LIQUIBASE, DEPLOYMENT_ID) VALUES ('105', 'celio', 'db/changelog/migrations/db.changelog-quartz-01.sql', NOW(), 183, '8:3616c2721c9f6adfece906953daef0ec', 'sql', '', 'EXECUTED', NULL, NULL, '3.6.2', '1585026123')
2019-03-02 23:50:28.141  INFO 20457 --- [main] liquibase.executor.jvm.JdbcExecutor      : create index if not exists job_details_sched_name_job_group_idx on quartz.job_details(sched_name,job_group)
2019-03-02 23:50:28.185  INFO 20457 --- [main] liquibase.changelog.ChangeSet            : Custom SQL executed
2019-03-02 23:50:28.196  INFO 20457 --- [main] liquibase.changelog.ChangeSet            : ChangeSet db/changelog/migrations/db.changelog-quartz-01.sql::106::celio ran successfully in 56ms
2019-03-02 23:50:28.197  INFO 20457 --- [main] liquibase.executor.jvm.JdbcExecutor      : INSERT INTO public.databasechangelog (ID, AUTHOR, FILENAME, DATEEXECUTED, ORDEREXECUTED, MD5SUM, DESCRIPTION, COMMENTS, EXECTYPE, CONTEXTS, LABELS, LIQUIBASE, DEPLOYMENT_ID) VALUES ('106', 'celio', 'db/changelog/migrations/db.changelog-quartz-01.sql', NOW(), 184, '8:b03b823f88e9a2b2aeb46722cb3d7b49', 'sql', '', 'EXECUTED', NULL, NULL, '3.6.2', '1585026123')
2019-03-02 23:50:28.208  INFO 20457 --- [main] liquibase.executor.jvm.JdbcExecutor      : create index if not exists blob_triggers_sched_name_trigger_name_trigger_group_idx on quartz.blob_triggers(sched_name, trigger_name, trigger_group)
2019-03-02 23:50:28.241  INFO 20457 --- [main] liquibase.changelog.ChangeSet            : Custom SQL executed
2019-03-02 23:50:28.251  INFO 20457 --- [main] liquibase.changelog.ChangeSet            : ChangeSet db/changelog/migrations/db.changelog-quartz-01.sql::107::celio ran successfully in 44ms
2019-03-02 23:50:28.252  INFO 20457 --- [main] liquibase.executor.jvm.JdbcExecutor      : INSERT INTO public.databasechangelog (ID, AUTHOR, FILENAME, DATEEXECUTED, ORDEREXECUTED, MD5SUM, DESCRIPTION, COMMENTS, EXECTYPE, CONTEXTS, LABELS, LIQUIBASE, DEPLOYMENT_ID) VALUES ('107', 'celio', 'db/changelog/migrations/db.changelog-quartz-01.sql', NOW(), 185, '8:e307235ec497e6f68abfbb4f02a4f8fe', 'sql', '', 'EXECUTED', NULL, NULL, '3.6.2', '1585026123')
2019-03-02 23:50:28.263  INFO 20457 --- [main] liquibase.executor.jvm.JdbcExecutor      : create index if not exists triggers_sched_name_job_name_job_group_idx on quartz.triggers(sched_name, job_name, job_group)
2019-03-02 23:50:28.307  INFO 20457 --- [main] liquibase.changelog.ChangeSet            : Custom SQL executed
2019-03-02 23:50:28.318  INFO 20457 --- [main] liquibase.changelog.ChangeSet            : ChangeSet db/changelog/migrations/db.changelog-quartz-01.sql::108::celio ran successfully in 55ms
2019-03-02 23:50:28.319  INFO 20457 --- [main] liquibase.executor.jvm.JdbcExecutor      : INSERT INTO public.databasechangelog (ID, AUTHOR, FILENAME, DATEEXECUTED, ORDEREXECUTED, MD5SUM, DESCRIPTION, COMMENTS, EXECTYPE, CONTEXTS, LABELS, LIQUIBASE, DEPLOYMENT_ID) VALUES ('108', 'celio', 'db/changelog/migrations/db.changelog-quartz-01.sql', NOW(), 186, '8:c313d2117722c798dcd16635a0cc7df0', 'sql', '', 'EXECUTED', NULL, NULL, '3.6.2', '1585026123')
2019-03-02 23:50:28.330  INFO 20457 --- [main] liquibase.executor.jvm.JdbcExecutor      : create index if not exists triggers_sched_name_job_group_idx on quartz.triggers(sched_name, job_group)
2019-03-02 23:50:28.353  INFO 20457 --- [main] liquibase.changelog.ChangeSet            : Custom SQL executed
2019-03-02 23:50:28.362  INFO 20457 --- [main] liquibase.changelog.ChangeSet            : ChangeSet db/changelog/migrations/db.changelog-quartz-01.sql::109::celio ran successfully in 32ms
2019-03-02 23:50:28.363  INFO 20457 --- [main] liquibase.executor.jvm.JdbcExecutor      : INSERT INTO public.databasechangelog (ID, AUTHOR, FILENAME, DATEEXECUTED, ORDEREXECUTED, MD5SUM, DESCRIPTION, COMMENTS, EXECTYPE, CONTEXTS, LABELS, LIQUIBASE, DEPLOYMENT_ID) VALUES ('109', 'celio', 'db/changelog/migrations/db.changelog-quartz-01.sql', NOW(), 187, '8:c04fd68d3d30340a00030c9397a9ba10', 'sql', '', 'EXECUTED', NULL, NULL, '3.6.2', '1585026123')
2019-03-02 23:50:28.374  INFO 20457 --- [main] liquibase.executor.jvm.JdbcExecutor      : create index if not exists triggers_sched_name_calendar_name_idx on quartz.triggers(sched_name, calendar_name)
2019-03-02 23:50:28.398  INFO 20457 --- [main] liquibase.changelog.ChangeSet            : Custom SQL executed
2019-03-02 23:50:28.407  INFO 20457 --- [main] liquibase.changelog.ChangeSet            : ChangeSet db/changelog/migrations/db.changelog-quartz-01.sql::110::celio ran successfully in 33ms
2019-03-02 23:50:28.408  INFO 20457 --- [main] liquibase.executor.jvm.JdbcExecutor      : INSERT INTO public.databasechangelog (ID, AUTHOR, FILENAME, DATEEXECUTED, ORDEREXECUTED, MD5SUM, DESCRIPTION, COMMENTS, EXECTYPE, CONTEXTS, LABELS, LIQUIBASE, DEPLOYMENT_ID) VALUES ('110', 'celio', 'db/changelog/migrations/db.changelog-quartz-01.sql', NOW(), 188, '8:c292e4d9fc10898c1e71d8c233b61895', 'sql', '', 'EXECUTED', NULL, NULL, '3.6.2', '1585026123')
2019-03-02 23:50:28.419  INFO 20457 --- [main] liquibase.executor.jvm.JdbcExecutor      : create index if not exists triggers_sched_name_trigger_group_idx on quartz.triggers(sched_name, trigger_group)
2019-03-02 23:50:28.443  INFO 20457 --- [main] liquibase.changelog.ChangeSet            : Custom SQL executed
2019-03-02 23:50:28.452  INFO 20457 --- [main] liquibase.changelog.ChangeSet            : ChangeSet db/changelog/migrations/db.changelog-quartz-01.sql::111::celio ran successfully in 33ms
2019-03-02 23:50:28.452  INFO 20457 --- [main] liquibase.executor.jvm.JdbcExecutor      : INSERT INTO public.databasechangelog (ID, AUTHOR, FILENAME, DATEEXECUTED, ORDEREXECUTED, MD5SUM, DESCRIPTION, COMMENTS, EXECTYPE, CONTEXTS, LABELS, LIQUIBASE, DEPLOYMENT_ID) VALUES ('111', 'celio', 'db/changelog/migrations/db.changelog-quartz-01.sql', NOW(), 189, '8:39999ccd8793ace4de3f94197bf17005', 'sql', '', 'EXECUTED', NULL, NULL, '3.6.2', '1585026123')
2019-03-02 23:50:28.463  INFO 20457 --- [main] liquibase.executor.jvm.JdbcExecutor      : create index if not exists triggers_sched_name_trigger_state_idx on quartz.triggers(sched_name, trigger_state)
2019-03-02 23:50:28.499  INFO 20457 --- [main] liquibase.changelog.ChangeSet            : Custom SQL executed
2019-03-02 23:50:28.507  INFO 20457 --- [main] liquibase.changelog.ChangeSet            : ChangeSet db/changelog/migrations/db.changelog-quartz-01.sql::112::celio ran successfully in 44ms
2019-03-02 23:50:28.508  INFO 20457 --- [main] liquibase.executor.jvm.JdbcExecutor      : INSERT INTO public.databasechangelog (ID, AUTHOR, FILENAME, DATEEXECUTED, ORDEREXECUTED, MD5SUM, DESCRIPTION, COMMENTS, EXECTYPE, CONTEXTS, LABELS, LIQUIBASE, DEPLOYMENT_ID) VALUES ('112', 'celio', 'db/changelog/migrations/db.changelog-quartz-01.sql', NOW(), 190, '8:a00fb97bd71e9ae106fe71323caff5c5', 'sql', '', 'EXECUTED', NULL, NULL, '3.6.2', '1585026123')
2019-03-02 23:50:28.519  INFO 20457 --- [main] liquibase.executor.jvm.JdbcExecutor      : create index if not exists triggers_sched_name_trigger_name_trigger_group_trigger_stat_idx on quartz.triggers(sched_name, trigger_name, trigger_group, trigger_state)
2019-03-02 23:50:28.555  INFO 20457 --- [main] liquibase.changelog.ChangeSet            : Custom SQL executed
2019-03-02 23:50:28.564  INFO 20457 --- [main] liquibase.changelog.ChangeSet            : ChangeSet db/changelog/migrations/db.changelog-quartz-01.sql::113::celio ran successfully in 45ms
2019-03-02 23:50:28.566  INFO 20457 --- [main] liquibase.executor.jvm.JdbcExecutor      : INSERT INTO public.databasechangelog (ID, AUTHOR, FILENAME, DATEEXECUTED, ORDEREXECUTED, MD5SUM, DESCRIPTION, COMMENTS, EXECTYPE, CONTEXTS, LABELS, LIQUIBASE, DEPLOYMENT_ID) VALUES ('113', 'celio', 'db/changelog/migrations/db.changelog-quartz-01.sql', NOW(), 191, '8:68cf2914c6b1bd1f82cfd5add3b13c95', 'sql', '', 'EXECUTED', NULL, NULL, '3.6.2', '1585026123')
2019-03-02 23:50:28.574  INFO 20457 --- [main] liquibase.executor.jvm.JdbcExecutor      : create index if not exists triggers_sched_name_trigger_group_trigger_state_idx on quartz.triggers(sched_name, trigger_group, trigger_state)
2019-03-02 23:50:28.618  INFO 20457 --- [main] liquibase.changelog.ChangeSet            : Custom SQL executed
2019-03-02 23:50:28.629  INFO 20457 --- [main] liquibase.changelog.ChangeSet            : ChangeSet db/changelog/migrations/db.changelog-quartz-01.sql::114::celio ran successfully in 55ms
2019-03-02 23:50:28.630  INFO 20457 --- [main] liquibase.executor.jvm.JdbcExecutor      : INSERT INTO public.databasechangelog (ID, AUTHOR, FILENAME, DATEEXECUTED, ORDEREXECUTED, MD5SUM, DESCRIPTION, COMMENTS, EXECTYPE, CONTEXTS, LABELS, LIQUIBASE, DEPLOYMENT_ID) VALUES ('114', 'celio', 'db/changelog/migrations/db.changelog-quartz-01.sql', NOW(), 192, '8:219a3c349ac868bfff66420cad57d5b3', 'sql', '', 'EXECUTED', NULL, NULL, '3.6.2', '1585026123')
2019-03-02 23:50:28.641  INFO 20457 --- [main] liquibase.executor.jvm.JdbcExecutor      : create index if not exists triggers_sched_name_next_fire_time_idx on quartz.triggers(sched_name, next_fire_time)
2019-03-02 23:50:28.667  INFO 20457 --- [main] liquibase.changelog.ChangeSet            : Custom SQL executed
2019-03-02 23:50:28.674  INFO 20457 --- [main] liquibase.changelog.ChangeSet            : ChangeSet db/changelog/migrations/db.changelog-quartz-01.sql::115::celio ran successfully in 33ms
2019-03-02 23:50:28.675  INFO 20457 --- [main] liquibase.executor.jvm.JdbcExecutor      : INSERT INTO public.databasechangelog (ID, AUTHOR, FILENAME, DATEEXECUTED, ORDEREXECUTED, MD5SUM, DESCRIPTION, COMMENTS, EXECTYPE, CONTEXTS, LABELS, LIQUIBASE, DEPLOYMENT_ID) VALUES ('115', 'celio', 'db/changelog/migrations/db.changelog-quartz-01.sql', NOW(), 193, '8:6b50ecebb59baa50ae0e0706c3bc1078', 'sql', '', 'EXECUTED', NULL, NULL, '3.6.2', '1585026123')
2019-03-02 23:50:28.686  INFO 20457 --- [main] liquibase.executor.jvm.JdbcExecutor      : create index if not exists triggers_sched_name_trigger_state_next_fire_time_idx on quartz.triggers(sched_name, trigger_state, next_fire_time)
2019-03-02 23:50:28.712  INFO 20457 --- [main] liquibase.changelog.ChangeSet            : Custom SQL executed
2019-03-02 23:50:28.730  INFO 20457 --- [main] liquibase.changelog.ChangeSet            : ChangeSet db/changelog/migrations/db.changelog-quartz-01.sql::116::celio ran successfully in 45ms
2019-03-02 23:50:28.731  INFO 20457 --- [main] liquibase.executor.jvm.JdbcExecutor      : INSERT INTO public.databasechangelog (ID, AUTHOR, FILENAME, DATEEXECUTED, ORDEREXECUTED, MD5SUM, DESCRIPTION, COMMENTS, EXECTYPE, CONTEXTS, LABELS, LIQUIBASE, DEPLOYMENT_ID) VALUES ('116', 'celio', 'db/changelog/migrations/db.changelog-quartz-01.sql', NOW(), 194, '8:03fa4ad336afbab5b4d117cdc6bd6bf5', 'sql', '', 'EXECUTED', NULL, NULL, '3.6.2', '1585026123')
2019-03-02 23:50:28.741  INFO 20457 --- [main] liquibase.executor.jvm.JdbcExecutor      : create index if not exists triggers_sched_name_misfire_instr_next_fire_time_idx on quartz.triggers(sched_name,misfire_instr,next_fire_time)
2019-03-02 23:50:28.780  INFO 20457 --- [main] liquibase.changelog.ChangeSet            : Custom SQL executed
2019-03-02 23:50:28.796  INFO 20457 --- [main] liquibase.changelog.ChangeSet            : ChangeSet db/changelog/migrations/db.changelog-quartz-01.sql::117::celio ran successfully in 55ms
2019-03-02 23:50:28.797  INFO 20457 --- [main] liquibase.executor.jvm.JdbcExecutor      : INSERT INTO public.databasechangelog (ID, AUTHOR, FILENAME, DATEEXECUTED, ORDEREXECUTED, MD5SUM, DESCRIPTION, COMMENTS, EXECTYPE, CONTEXTS, LABELS, LIQUIBASE, DEPLOYMENT_ID) VALUES ('117', 'celio', 'db/changelog/migrations/db.changelog-quartz-01.sql', NOW(), 195, '8:0a6987a91093dc9207ca138527f6b2ea', 'sql', '', 'EXECUTED', NULL, NULL, '3.6.2', '1585026123')
2019-03-02 23:50:28.808  INFO 20457 --- [main] liquibase.executor.jvm.JdbcExecutor      : create index if not exists triggers_sched_name_misfire_instr_next_fire_time_trigger_st_idx on quartz.triggers(sched_name,misfire_instr,next_fire_time,trigger_state)
2019-03-02 23:50:28.835  INFO 20457 --- [main] liquibase.changelog.ChangeSet            : Custom SQL executed
2019-03-02 23:50:28.852  INFO 20457 --- [main] liquibase.changelog.ChangeSet            : ChangeSet db/changelog/migrations/db.changelog-quartz-01.sql::118::celio ran successfully in 44ms
2019-03-02 23:50:28.853  INFO 20457 --- [main] liquibase.executor.jvm.JdbcExecutor      : INSERT INTO public.databasechangelog (ID, AUTHOR, FILENAME, DATEEXECUTED, ORDEREXECUTED, MD5SUM, DESCRIPTION, COMMENTS, EXECTYPE, CONTEXTS, LABELS, LIQUIBASE, DEPLOYMENT_ID) VALUES ('118', 'celio', 'db/changelog/migrations/db.changelog-quartz-01.sql', NOW(), 196, '8:938f02d3cf2b06edfd2759ada18c3b06', 'sql', '', 'EXECUTED', NULL, NULL, '3.6.2', '1585026123')
2019-03-02 23:50:28.863  INFO 20457 --- [main] liquibase.executor.jvm.JdbcExecutor      : create index if not exists triggers_sched_name_misfire_instr_next_fire_time_trigger_gr_idx on quartz.triggers(sched_name, misfire_instr, next_fire_time, trigger_group, trigger_state)
2019-03-02 23:50:28.902  INFO 20457 --- [main] liquibase.changelog.ChangeSet            : Custom SQL executed
2019-03-02 23:50:28.918  INFO 20457 --- [main] liquibase.changelog.ChangeSet            : ChangeSet db/changelog/migrations/db.changelog-quartz-01.sql::119::celio ran successfully in 55ms
2019-03-02 23:50:28.919  INFO 20457 --- [main] liquibase.executor.jvm.JdbcExecutor      : INSERT INTO public.databasechangelog (ID, AUTHOR, FILENAME, DATEEXECUTED, ORDEREXECUTED, MD5SUM, DESCRIPTION, COMMENTS, EXECTYPE, CONTEXTS, LABELS, LIQUIBASE, DEPLOYMENT_ID) VALUES ('119', 'celio', 'db/changelog/migrations/db.changelog-quartz-01.sql', NOW(), 197, '8:1d76678765104467a6a6e5cd46d70f6d', 'sql', '', 'EXECUTED', NULL, NULL, '3.6.2', '1585026123')
2019-03-02 23:50:28.930  INFO 20457 --- [main] liquibase.executor.jvm.JdbcExecutor      : create index if not exists fired_triggers_sched_name_instance_name_idx on quartz.fired_triggers(sched_name, instance_name)
2019-03-02 23:50:28.960  INFO 20457 --- [main] liquibase.changelog.ChangeSet            : Custom SQL executed
2019-03-02 23:50:28.974  INFO 20457 --- [main] liquibase.changelog.ChangeSet            : ChangeSet db/changelog/migrations/db.changelog-quartz-01.sql::120::celio ran successfully in 44ms
2019-03-02 23:50:28.975  INFO 20457 --- [main] liquibase.executor.jvm.JdbcExecutor      : INSERT INTO public.databasechangelog (ID, AUTHOR, FILENAME, DATEEXECUTED, ORDEREXECUTED, MD5SUM, DESCRIPTION, COMMENTS, EXECTYPE, CONTEXTS, LABELS, LIQUIBASE, DEPLOYMENT_ID) VALUES ('120', 'celio', 'db/changelog/migrations/db.changelog-quartz-01.sql', NOW(), 198, '8:c6f63f17fa1db38fd7e141932f154849', 'sql', '', 'EXECUTED', NULL, NULL, '3.6.2', '1585026123')
2019-03-02 23:50:28.986  INFO 20457 --- [main] liquibase.executor.jvm.JdbcExecutor      : create index if not exists fired_triggers_sched_name_instance_name_requests_recovery_idx on quartz.fired_triggers(sched_name, instance_name, requests_recovery)
2019-03-02 23:50:29.027  INFO 20457 --- [main] liquibase.changelog.ChangeSet            : Custom SQL executed
2019-03-02 23:50:29.051  INFO 20457 --- [main] liquibase.changelog.ChangeSet            : ChangeSet db/changelog/migrations/db.changelog-quartz-01.sql::121::celio ran successfully in 65ms
2019-03-02 23:50:29.052  INFO 20457 --- [main] liquibase.executor.jvm.JdbcExecutor      : INSERT INTO public.databasechangelog (ID, AUTHOR, FILENAME, DATEEXECUTED, ORDEREXECUTED, MD5SUM, DESCRIPTION, COMMENTS, EXECTYPE, CONTEXTS, LABELS, LIQUIBASE, DEPLOYMENT_ID) VALUES ('121', 'celio', 'db/changelog/migrations/db.changelog-quartz-01.sql', NOW(), 199, '8:cf1e688be5b9766cbb8b2dea4746e360', 'sql', '', 'EXECUTED', NULL, NULL, '3.6.2', '1585026123')
2019-03-02 23:50:29.063  INFO 20457 --- [main] liquibase.executor.jvm.JdbcExecutor      : create index if not exists fired_triggers_sched_name_job_name_job_group_idx on quartz.fired_triggers(sched_name, job_name, job_group)
2019-03-02 23:50:29.093  INFO 20457 --- [main] liquibase.changelog.ChangeSet            : Custom SQL executed
2019-03-02 23:50:29.106  INFO 20457 --- [main] liquibase.changelog.ChangeSet            : ChangeSet db/changelog/migrations/db.changelog-quartz-01.sql::122::celio ran successfully in 43ms
2019-03-02 23:50:29.108  INFO 20457 --- [main] liquibase.executor.jvm.JdbcExecutor      : INSERT INTO public.databasechangelog (ID, AUTHOR, FILENAME, DATEEXECUTED, ORDEREXECUTED, MD5SUM, DESCRIPTION, COMMENTS, EXECTYPE, CONTEXTS, LABELS, LIQUIBASE, DEPLOYMENT_ID) VALUES ('122', 'celio', 'db/changelog/migrations/db.changelog-quartz-01.sql', NOW(), 200, '8:a6c0f1113459097d6163aa53f93428e4', 'sql', '', 'EXECUTED', NULL, NULL, '3.6.2', '1585026123')
2019-03-02 23:50:29.118  INFO 20457 --- [main] liquibase.executor.jvm.JdbcExecutor      : create index if not exists fired_triggers_sched_name_job_group_idx on quartz.fired_triggers(sched_name, job_group)
2019-03-02 23:50:29.149  INFO 20457 --- [main] liquibase.changelog.ChangeSet            : Custom SQL executed
2019-03-02 23:50:29.162  INFO 20457 --- [main] liquibase.changelog.ChangeSet            : ChangeSet db/changelog/migrations/db.changelog-quartz-01.sql::123::celio ran successfully in 44ms
2019-03-02 23:50:29.162  INFO 20457 --- [main] liquibase.executor.jvm.JdbcExecutor      : INSERT INTO public.databasechangelog (ID, AUTHOR, FILENAME, DATEEXECUTED, ORDEREXECUTED, MD5SUM, DESCRIPTION, COMMENTS, EXECTYPE, CONTEXTS, LABELS, LIQUIBASE, DEPLOYMENT_ID) VALUES ('123', 'celio', 'db/changelog/migrations/db.changelog-quartz-01.sql', NOW(), 201, '8:b430aaa21575a82913f8dbe8cacae9dc', 'sql', '', 'EXECUTED', NULL, NULL, '3.6.2', '1585026123')
2019-03-02 23:50:29.173  INFO 20457 --- [main] liquibase.executor.jvm.JdbcExecutor      : create index if not exists fired_triggers_sched_name_trigger_name_trigger_group_idx on quartz.fired_triggers(sched_name, trigger_name, trigger_group)
2019-03-02 23:50:29.204  INFO 20457 --- [main] liquibase.changelog.ChangeSet            : Custom SQL executed
2019-03-02 23:50:29.217  INFO 20457 --- [main] liquibase.changelog.ChangeSet            : ChangeSet db/changelog/migrations/db.changelog-quartz-01.sql::124::celio ran successfully in 44ms
2019-03-02 23:50:29.217  INFO 20457 --- [main] liquibase.executor.jvm.JdbcExecutor      : INSERT INTO public.databasechangelog (ID, AUTHOR, FILENAME, DATEEXECUTED, ORDEREXECUTED, MD5SUM, DESCRIPTION, COMMENTS, EXECTYPE, CONTEXTS, LABELS, LIQUIBASE, DEPLOYMENT_ID) VALUES ('124', 'celio', 'db/changelog/migrations/db.changelog-quartz-01.sql', NOW(), 202, '8:f4b33b23e21393bfe19c76392a00ebe6', 'sql', '', 'EXECUTED', NULL, NULL, '3.6.2', '1585026123')
2019-03-02 23:50:29.228  INFO 20457 --- [main] liquibase.executor.jvm.JdbcExecutor      : create index if not exists fired_triggers_sched_name_trigger_group_idx on quartz.fired_triggers(sched_name, trigger_group)
2019-03-02 23:50:29.260  INFO 20457 --- [main] liquibase.changelog.ChangeSet            : Custom SQL executed
2019-03-02 23:50:29.272  INFO 20457 --- [main] liquibase.changelog.ChangeSet            : ChangeSet db/changelog/migrations/db.changelog-quartz-01.sql::125::celio ran successfully in 44ms
2019-03-02 23:50:29.273  INFO 20457 --- [main] liquibase.executor.jvm.JdbcExecutor      : INSERT INTO public.databasechangelog (ID, AUTHOR, FILENAME, DATEEXECUTED, ORDEREXECUTED, MD5SUM, DESCRIPTION, COMMENTS, EXECTYPE, CONTEXTS, LABELS, LIQUIBASE, DEPLOYMENT_ID) VALUES ('125', 'celio', 'db/changelog/migrations/db.changelog-quartz-01.sql', NOW(), 203, '8:9513ad1fcb65233b04c28fca43b7fe77', 'sql', '', 'EXECUTED', NULL, NULL, '3.6.2', '1585026123')
2019-03-02 23:50:29.283  INFO 20457 --- [main] liquibase.executor.jvm.JdbcExecutor      : INSERT INTO quartz.scheduler_job_info (job_cron_expression, job_enable, job_group, job_name, job_cron, job_repeat_time, job_command)
	VALUES ('10 20 9,15,20 ? * *', TRUE, 'default-group', 'job-pagamento-mes-atual', TRUE, NULL, 'http://d-server-scraper:8083/scraper/pagamento-mes-atual')
2019-03-02 23:50:29.284  INFO 20457 --- [main] liquibase.changelog.ChangeSet            : Custom SQL executed
2019-03-02 23:50:29.294  INFO 20457 --- [main] liquibase.changelog.ChangeSet            : ChangeSet db/changelog/migrations/db.changelog-quartz-01.sql::126::celio ran successfully in 11ms
2019-03-02 23:50:29.294  INFO 20457 --- [main] liquibase.executor.jvm.JdbcExecutor      : INSERT INTO public.databasechangelog (ID, AUTHOR, FILENAME, DATEEXECUTED, ORDEREXECUTED, MD5SUM, DESCRIPTION, COMMENTS, EXECTYPE, CONTEXTS, LABELS, LIQUIBASE, DEPLOYMENT_ID) VALUES ('126', 'celio', 'db/changelog/migrations/db.changelog-quartz-01.sql', NOW(), 204, '8:e9ee9073e6d3e1124e412f61d5a9c459', 'sql', '', 'EXECUTED', NULL, NULL, '3.6.2', '1585026123')
2019-03-02 23:50:29.306  INFO 20457 --- [main] liquibase.executor.jvm.JdbcExecutor      : INSERT INTO quartz.scheduler_job_info (job_cron_expression, job_enable, job_group, job_name, job_cron, job_repeat_time, job_command)
	VALUES ('20 50 */5 ? * *', TRUE, 'default-group', 'job-pagamento-mes-anterior', TRUE, NULL, 'http://d-server-scraper:8083/scraper/pagamento-mes-anterior')
2019-03-02 23:50:29.306  INFO 20457 --- [main] liquibase.changelog.ChangeSet            : Custom SQL executed
2019-03-02 23:50:29.316  INFO 20457 --- [main] liquibase.changelog.ChangeSet            : ChangeSet db/changelog/migrations/db.changelog-quartz-01.sql::127::celio ran successfully in 11ms
2019-03-02 23:50:29.317  INFO 20457 --- [main] liquibase.executor.jvm.JdbcExecutor      : INSERT INTO public.databasechangelog (ID, AUTHOR, FILENAME, DATEEXECUTED, ORDEREXECUTED, MD5SUM, DESCRIPTION, COMMENTS, EXECTYPE, CONTEXTS, LABELS, LIQUIBASE, DEPLOYMENT_ID) VALUES ('127', 'celio', 'db/changelog/migrations/db.changelog-quartz-01.sql', NOW(), 205, '8:76060ce19fbae882311b6e2f02303f38', 'sql', '', 'EXECUTED', NULL, NULL, '3.6.2', '1585026123')
2019-03-02 23:50:29.328  INFO 20457 --- [main] liquibase.executor.jvm.JdbcExecutor      : INSERT INTO quartz.scheduler_job_info (job_cron_expression, job_enable, job_group, job_name, job_cron, job_repeat_time, job_command)
	VALUES ('30 10 */2 ? * *', TRUE, 'default-group', 'job-empenho-ano-atual', TRUE, NULL, 'http://d-server-scraper:8083/scraper/empenho-ano-atual')
2019-03-02 23:50:29.329  INFO 20457 --- [main] liquibase.changelog.ChangeSet            : Custom SQL executed
2019-03-02 23:50:29.338  INFO 20457 --- [main] liquibase.changelog.ChangeSet            : ChangeSet db/changelog/migrations/db.changelog-quartz-01.sql::206::celio ran successfully in 11ms
2019-03-02 23:50:29.339  INFO 20457 --- [main] liquibase.executor.jvm.JdbcExecutor      : INSERT INTO public.databasechangelog (ID, AUTHOR, FILENAME, DATEEXECUTED, ORDEREXECUTED, MD5SUM, DESCRIPTION, COMMENTS, EXECTYPE, CONTEXTS, LABELS, LIQUIBASE, DEPLOYMENT_ID) VALUES ('206', 'celio', 'db/changelog/migrations/db.changelog-quartz-01.sql', NOW(), 206, '8:342b3d0764b4fec93a18bb2cf17eac0a', 'sql', '', 'EXECUTED', NULL, NULL, '3.6.2', '1585026123')
2019-03-02 23:50:29.350  INFO 20457 --- [main] liquibase.executor.jvm.JdbcExecutor      : INSERT INTO quartz.scheduler_job_info (job_cron_expression, job_enable, job_group, job_name, job_cron, job_repeat_time, job_command)
	VALUES ('40 40 * ? * *', TRUE, 'default-group', 'job-empenho-ano-anterior', TRUE, NULL, 'http://d-server-scraper:8083/scraper/empenho-ano-anterior')
2019-03-02 23:50:29.351  INFO 20457 --- [main] liquibase.changelog.ChangeSet            : Custom SQL executed
2019-03-02 23:50:29.360  INFO 20457 --- [main] liquibase.changelog.ChangeSet            : ChangeSet db/changelog/migrations/db.changelog-quartz-01.sql::207::celio ran successfully in 10ms
2019-03-02 23:50:29.361  INFO 20457 --- [main] liquibase.executor.jvm.JdbcExecutor      : INSERT INTO public.databasechangelog (ID, AUTHOR, FILENAME, DATEEXECUTED, ORDEREXECUTED, MD5SUM, DESCRIPTION, COMMENTS, EXECTYPE, CONTEXTS, LABELS, LIQUIBASE, DEPLOYMENT_ID) VALUES ('207', 'celio', 'db/changelog/migrations/db.changelog-quartz-01.sql', NOW(), 207, '8:2d9bdbd1b73461662a030fb406a9613d', 'sql', '', 'EXECUTED', NULL, NULL, '3.6.2', '1585026123')
2019-03-02 23:50:29.382  INFO 20457 --- [main] l.lockservice.StandardLockService        : Successfully released change log lock
2019-03-02 23:50:29.547  INFO 20457 --- [main] o.hibernate.jpa.internal.util.LogHelper  : HHH000204: Processing PersistenceUnitInfo [
	name: default
	...]
2019-03-02 23:50:29.621  INFO 20457 --- [main] org.hibernate.Version                    : HHH000412: Hibernate Core {5.3.7.Final}
2019-03-02 23:50:29.623  INFO 20457 --- [main] org.hibernate.cfg.Environment            : HHH000206: hibernate.properties not found
2019-03-02 23:50:29.751  INFO 20457 --- [main] o.hibernate.annotations.common.Version   : HCANN000001: Hibernate Commons Annotations {5.0.4.Final}
2019-03-02 23:50:29.909  INFO 20457 --- [main] org.hibernate.dialect.Dialect            : HHH000400: Using dialect: org.hibernate.dialect.PostgreSQL95Dialect
2019-03-02 23:50:29.928  INFO 20457 --- [main] o.h.e.j.e.i.LobCreatorBuilderImpl        : HHH000422: Disabling contextual LOB creation as connection was null
2019-03-02 23:50:29.934  INFO 20457 --- [main] org.hibernate.type.BasicTypeRegistry     : HHH000270: Type registration [java.util.UUID] overrides previous : org.hibernate.type.UUIDBinaryType@44bc1ace
2019-03-02 23:50:30.467  INFO 20457 --- [main] j.LocalContainerEntityManagerFactoryBean : Initialized JPA EntityManagerFactory for persistence unit 'default'
2019-03-02 23:50:30.630  INFO 20457 --- [main] org.quartz.impl.StdSchedulerFactory      : Using default implementation for ThreadExecutor
2019-03-02 23:50:30.651  INFO 20457 --- [main] org.quartz.core.SchedulerSignalerImpl    : Initialized Scheduler Signaller of type: class org.quartz.core.SchedulerSignalerImpl
2019-03-02 23:50:30.651  INFO 20457 --- [main] org.quartz.core.QuartzScheduler          : Quartz Scheduler v.2.3.0 created.
2019-03-02 23:50:30.651  INFO 20457 --- [main] o.q.p.management.ShutdownHookPlugin      : Registering Quartz shutdown hook.
2019-03-02 23:50:30.654  INFO 20457 --- [main] o.s.s.quartz.LocalDataSourceJobStore     : Using db table-based data access locking (synchronization).
2019-03-02 23:50:30.656  INFO 20457 --- [main] o.s.s.quartz.LocalDataSourceJobStore     : JobStoreCMT initialized.
2019-03-02 23:50:30.657  INFO 20457 --- [main] org.quartz.core.QuartzScheduler          : Scheduler meta-data: Quartz Scheduler (v2.3.0) 'quartz-d-app' with instanceId '0c717ff3-1709-4858-875e-50e98b5bf1d1'
  Scheduler class: 'org.quartz.core.QuartzScheduler' - running locally.
  NOT STARTED.
  Currently in standby mode.
  Number of jobs executed: 0
  Using thread pool 'org.quartz.simpl.SimpleThreadPool' - with 20 threads.
  Using job-store 'org.springframework.scheduling.quartz.LocalDataSourceJobStore' - which supports persistence. and is clustered.

2019-03-02 23:50:30.657  INFO 20457 --- [main] org.quartz.impl.StdSchedulerFactory      : Quartz scheduler 'quartz-d-app' initialized from an externally provided properties instance.
2019-03-02 23:50:30.657  INFO 20457 --- [main] org.quartz.impl.StdSchedulerFactory      : Quartz scheduler version: 2.3.0
2019-03-02 23:50:30.657  INFO 20457 --- [main] org.quartz.core.QuartzScheduler          : JobFactory set to: br.com.dscheduler.component.SchedulerJobFactory@394f41b6
2019-03-02 23:50:31.686  INFO 20457 --- [main] pertySourcedRequestMappingHandlerMapping : Mapped URL path [/v2/api-docs] onto method [public org.springframework.http.ResponseEntity<springfox.documentation.spring.web.json.Json> springfox.documentation.swagger2.web.Swagger2Controller.getDocumentation(java.lang.String,javax.servlet.http.HttpServletRequest)]
2019-03-02 23:50:32.230  INFO 20457 --- [main] .s.s.UserDetailsServiceAutoConfiguration : 

Using generated security password: 94b4402f-e140-44fb-95da-a9b402b2fff7

2019-03-02 23:50:32.432  INFO 20457 --- [main] o.s.s.web.DefaultSecurityFilterChain     : Creating filter chain: OrRequestMatcher [requestMatchers=[Ant [pattern='/**']]], [org.springframework.security.web.context.request.async.WebAsyncManagerIntegrationFilter@7ba89cf0, org.springframework.security.web.context.SecurityContextPersistenceFilter@5f381e87, org.springframework.security.web.header.HeaderWriterFilter@616c60d0, org.springframework.web.filter.CorsFilter@408b3b5, org.springframework.security.web.authentication.logout.LogoutFilter@609c4723, org.springframework.security.oauth2.provider.authentication.OAuth2AuthenticationProcessingFilter@592f9f3f, org.springframework.security.web.savedrequest.RequestCacheAwareFilter@63dd6a93, org.springframework.security.web.servletapi.SecurityContextHolderAwareRequestFilter@a6d941c, org.springframework.security.web.authentication.AnonymousAuthenticationFilter@60cda8d3, org.springframework.security.web.session.SessionManagementFilter@5872f15e, org.springframework.security.web.access.ExceptionTranslationFilter@7b44616f, org.springframework.security.web.access.intercept.FilterSecurityInterceptor@45a7e62]
2019-03-02 23:50:32.533  INFO 20457 --- [main] d.s.w.p.DocumentationPluginsBootstrapper : Context refreshed
2019-03-02 23:50:32.567  INFO 20457 --- [main] d.s.w.p.DocumentationPluginsBootstrapper : Found 1 custom documentation plugin(s)
2019-03-02 23:50:32.612  INFO 20457 --- [main] s.d.s.w.s.ApiListingReferenceScanner     : Scanning for api listing references
2019-03-02 23:50:32.703  INFO 20457 --- [main] o.s.s.quartz.SchedulerFactoryBean        : Starting Quartz Scheduler now
2019-03-02 23:50:32.767  INFO 20457 --- [main] org.quartz.core.QuartzScheduler          : Scheduler quartz-d-app_$_0c717ff3-1709-4858-875e-50e98b5bf1d1 started.
2019-03-02 23:50:32.815  INFO 20457 --- [main] o.s.b.w.embedded.tomcat.TomcatWebServer  : Tomcat started on port(s): 8082 (http) with context path ''
2019-03-02 23:50:32.818  INFO 20457 --- [main] br.com.dscheduler.DSchedulerApplication  : Started DSchedulerApplication in 12.515 seconds (JVM running for 18.37)
2019-03-02 23:50:32.820  INFO 20457 --- [main] b.c.d.component.SchedulerStartUpHandler  : Schedule all new scheduler jobs at app startup - starting
2019-03-02 23:50:32.877  INFO 20457 --- [main] o.h.h.i.QueryTranslatorFactoryInitiator  : HHH000397: Using ASTQueryTranslatorFactory
2019-03-02 23:50:32.997  INFO 20457 --- [main] b.c.d.service.impl.SchedulerServiceImpl  : 10 20 9,15,20 ? * * ::: http://d-server-scraper:8083/scraper/pagamento-mes-atual
2019-03-02 23:50:33.031  INFO 20457 --- [main] b.c.d.service.impl.SchedulerServiceImpl  : 20 50 */5 ? * * ::: http://d-server-scraper:8083/scraper/pagamento-mes-anterior
2019-03-02 23:50:33.043  INFO 20457 --- [main] b.c.d.service.impl.SchedulerServiceImpl  : 30 10 */2 ? * * ::: http://d-server-scraper:8083/scraper/empenho-ano-atual
2019-03-02 23:50:33.054  INFO 20457 --- [main] b.c.d.service.impl.SchedulerServiceImpl  : 40 40 * ? * * ::: http://d-server-scraper:8083/scraper/empenho-ano-anterior
2019-03-02 23:50:33.120  INFO 20457 --- [main] b.c.d.component.SchedulerStartUpHandler  : Schedule all new scheduler jobs at app startup - complete
